
=== Thu Dec  2 19:32:02 2021

Packages were changed.
Update Mode: updateDependencies

The following packages were added:
  com.unity.ide.visualstudio@2.0.11
The following packages were updated:
  com.unity.ads from version 3.6.1 to 3.7.5
  com.unity.analytics from version 3.3.5 to 3.6.12
  com.unity.ide.rider from version 1.1.4 to 3.0.7
  com.unity.ide.vscode from version 1.2.3 to 1.2.4
  com.unity.inputsystem from version 1.0.2 to 1.1.1
  com.unity.render-pipelines.universal from version 7.3.1 to 12.1.1
  com.unity.test-framework from version 1.1.24 to 1.1.29
  com.unity.textmeshpro from version 2.1.4 to 3.0.6
  com.unity.xr.arsubsystems from version 2.1.16 to 4.2.1
  com.unity.xr.management from version 3.2.17 to 4.2.0
  com.unity.xr.oculus from version 1.8.1 to 1.11.0
The following packages were removed:
  com.unity.xr.windowsmr@2.6.1

=== Sat Dec  4 17:03:34 2021

Packages were changed.
Update Mode: updateDependencies

The following packages were updated:
  com.unity.ide.visualstudio from version 2.0.11 to 2.0.12
  com.unity.inputsystem from version 1.1.1 to 1.2.0
  com.unity.render-pipelines.universal from version 12.1.1 to 12.1.2
